Ahmad Ch

Airtel Tricks

Aki Resu

Aksas Boya Nihadid

Alam Idrisi

Alijon Shukurov

Anant Shah

Anh Seller

Ãñðrÿ
Forum spam. -Adrian

Aryan Anand

Ashutosh Kumar Anand

Atoek Jozz

Beihua Chao

Bookamer Tomas

Buscherm Gillham

Danish Firoz Shaikh
Stalking. -Adrian

Danish Shaikh
Stalking / ban evasion. -Adrian

Diana Habli

Doreen Wilson

Driscoll Rosalind

Edwina Sammy

Esther Young

Eva Silver

Fabien Gracias

Felipe Pires
Serial trolling. 

Ganghan Kuai

Gongxi Lin

Gustov Dobreff

Hai Shoulian

HakzOnymous AP

Hamdi Hkr

Hammad Hassan

Heinrich Evers

Hmimed Txb

Ibrahim Fahaz Saheed

Ikharatin Kharatin

Irendy Oktaviary

Jane Katly

Jeams Camaron

Joanna Hu

Juan Vivar Beeheading

Junior Verde Antonio

JűSt Mêê

Justin Perras

Jusu Jian

Kate Caesar

Kelly Chris

Kingmedo Medo

Lenouar Djamel

Lucien Sze

Mahesh Naidu

Mairy Raja

Malla Prince

Mandy Hill

Mano Effortless

Maria Dingli

Mark Bretl

Martha Peñaloza

Mattia Feel Good

McFaline Signoretti

Mengdui Chen

Minhtuan Tuan

Mohan Krishna

Muhammad Abdullah

Naresh Yadav

Neha Thakur

NeoLime Bescherelle Tzukey

Nirag Madaliya

Palak Singh

Pankaj Kumar

Patrick Rupert Samuel Bain

Prince Aladeokin Bellick Gbenga

Prince Gill

Priyanshu Joshi

Rahul Sarin

Rajesh Thakkar

Ralph Roach

Raviraj Patil

Raviza Bagus Wicaksono

Redford Nash

Robert C Balfour

Ryan Peekoh Mitchkowski

Sagar Duwal

Sagar Rana

Sagita Miller

Salih Salimoglu

Salina Michle

Sarah Dumon

Sebastien Payet

Sell Cvv

Shiela Rill

Sisi Li

Songla Wang

Tame Talo

Viv Chng

Wordsworth Ting

Zaheer

แฮกเกอร์ บาส
